Success (1):
content 5963 _a-0000e69b-b4b6-8000-8924-01ef9001ef90_33608 "FHT_cardHeader"

Referenced precedents that were not exported (3):
content 5943 _a-0000e6c6-952d-8000-86a8-01ef9001ef90_13103
content 5944 _a-0000e6c6-952d-8000-86a8-01ef9001ef90_13084
content 5933 66dd2148-b9e1-4006-b88a-d8c73b5c0c2f

Trace:
2021-10-06 03:25:57.53 DEBUG content 5963 _a-0000e69b-b4b6-8000-8924-01ef9001ef90_33608 Begin transport.
2021-10-06 03:25:57.53 DEBUG content 5963 _a-0000e69b-b4b6-8000-8924-01ef9001ef90_33608 Retrieving object data.
2021-10-06 03:25:57.552 DEBUG content 5963 _a-0000e69b-b4b6-8000-8924-01ef9001ef90_33608 Setting uuids of object references.
2021-10-06 03:25:57.552 DEBUG content 5963 _a-0000e69b-b4b6-8000-8924-01ef9001ef90_33608 Processing reference: [Content:id=5945,versionId=-1,name=FHT_cardHeader,type=32,subtype=6,uuid=_a-0000e69b-b4b6-8000-8924-01ef9001ef90_33608,parent=5933]
2021-10-06 03:25:57.56 DEBUG content 5963 _a-0000e69b-b4b6-8000-8924-01ef9001ef90_33608 Processing reference: Interface.forum
2021-10-06 03:25:57.561 DEBUG content 5963 _a-0000e69b-b4b6-8000-8924-01ef9001ef90_33608 Processing reference: Interface.parent
2021-10-06 03:25:57.569 DEBUG content 5963 _a-0000e69b-b4b6-8000-8924-01ef9001ef90_33608 Processing reference: com.appiancorp.suiteapi.content.ContentRoleMap@4ec43c71[
  ContentRole[name=readers,inherit=true,allowForAll=false]
  ContentRole[name=authors,inherit=true,allowForAll=false]
  ContentRole[name=administrators,inherit=true,allowForAll=false]
  ContentRole[name=denyReaders,inherit=false,allowForAll=false]
  ContentRole[name=denyAuthors,inherit=false,allowForAll=false]
  ContentRole[name=denyAdministrators,inherit=false,allowForAll=false]
  securityVector=15:SEC_PUBLIC=true,SEC_CREATOR_ADMIN=false,SEC_INH_ADMIN=true,SEC_INH_EDITOR=true,SEC_INH_VIEWER=true,SEC_ALL_ADMIN=false,SEC_ALL_EDITOR=false,SEC_ALL_VIEWER=false
]
2021-10-06 03:25:57.569 DEBUG content 5963 _a-0000e69b-b4b6-8000-8924-01ef9001ef90_33608 Processing reference: ContentRole[name=readers,inherit=true,allowForAll=false]
2021-10-06 03:25:57.569 DEBUG content 5963 _a-0000e69b-b4b6-8000-8924-01ef9001ef90_33608 Processing reference: ContentRole[name=authors,inherit=true,allowForAll=false]
2021-10-06 03:25:57.569 DEBUG content 5963 _a-0000e69b-b4b6-8000-8924-01ef9001ef90_33608 Processing reference: ContentRole[name=administrators,inherit=true,allowForAll=false]
2021-10-06 03:25:57.569 DEBUG content 5963 _a-0000e69b-b4b6-8000-8924-01ef9001ef90_33608 Processing reference: ContentRole[name=denyReaders,inherit=false,allowForAll=false]
2021-10-06 03:25:57.569 DEBUG content 5963 _a-0000e69b-b4b6-8000-8924-01ef9001ef90_33608 Processing reference: ContentRole[name=denyAuthors,inherit=false,allowForAll=false]
2021-10-06 03:25:57.569 DEBUG content 5963 _a-0000e69b-b4b6-8000-8924-01ef9001ef90_33608 Processing reference: ContentRole[name=denyAdministrators,inherit=false,allowForAll=false]
2021-10-06 03:25:57.569 DEBUG content 5963 _a-0000e69b-b4b6-8000-8924-01ef9001ef90_33608 Completing produce.
2021-10-06 03:25:57.569 DEBUG content 5963 _a-0000e69b-b4b6-8000-8924-01ef9001ef90_33608 Exporting binary resources.
2021-10-06 03:25:57.569 DEBUG content 5963 _a-0000e69b-b4b6-8000-8924-01ef9001ef90_33608 Serializing object to XML.
2021-10-06 03:25:57.577 DEBUG content 5963 _a-0000e69b-b4b6-8000-8924-01ef9001ef90_33608 Object transported.
